C:\USERS\JAY\DESKTOP\MECALICMANAGER\MECALICMANAGER\DEBUG\MECALICMANAGER.PCH
C:\USERS\JAY\DESKTOP\MECALICMANAGER\MECALICMANAGER\DEBUG\STDAFX.OBJ
C:\USERS\JAY\DESKTOP\MECALICMANAGER\MECALICMANAGER\DEBUG\VC110.PDB
C:\USERS\JAY\DESKTOP\MECALICMANAGER\MECALICMANAGER\DEBUG\MECALICMANAGER.OBJ
C:\USERS\JAY\DESKTOP\MECALICMANAGER\MECALICMANAGER\DEBUG\MECALICMANAGERDLG.OBJ
C:\USERS\JAY\DESKTOP\MECALICMANAGER\DEBUG\MECALICMANAGER.ILK
C:\USERS\JAY\DESKTOP\MECALICMANAGER\DEBUG\MECALICMANAGER.EXE
C:\USERS\JAY\DESKTOP\MECALICMANAGER\DEBUG\MECALICMANAGER.PDB
C:\USERS\JAY\DESKTOP\MECALICMANAGER\MECALICMANAGER\DEBUG\MECALICMANAGER.RES
C:\Users\Jay\Desktop\MecaLicManager\MecaLicManager\Debug\MecaLicManager.obj
C:\Users\Jay\Desktop\MecaLicManager\MecaLicManager\Debug\MecaLicManagerDlg.obj
C:\Users\Jay\Desktop\MecaLicManager\MecaLicManager\Debug\stdafx.obj
C:\Users\Jay\Desktop\MecaLicManager\MecaLicManager\Debug\cl.command.1.tlog
C:\Users\Jay\Desktop\MecaLicManager\MecaLicManager\Debug\CL.read.1.tlog
C:\Users\Jay\Desktop\MecaLicManager\MecaLicManager\Debug\CL.write.1.tlog
C:\Users\Jay\Desktop\MecaLicManager\MecaLicManager\Debug\link-cvtres.read.1.tlog
C:\Users\Jay\Desktop\MecaLicManager\MecaLicManager\Debug\link-cvtres.write.1.tlog
C:\Users\Jay\Desktop\MecaLicManager\MecaLicManager\Debug\link-mt.read.1.tlog
C:\Users\Jay\Desktop\MecaLicManager\MecaLicManager\Debug\link-mt.write.1.tlog
C:\Users\Jay\Desktop\MecaLicManager\MecaLicManager\Debug\link-rc.read.1.tlog
C:\Users\Jay\Desktop\MecaLicManager\MecaLicManager\Debug\link-rc.write.1.tlog
C:\Users\Jay\Desktop\MecaLicManager\MecaLicManager\Debug\link.command.1.tlog
C:\Users\Jay\Desktop\MecaLicManager\MecaLicManager\Debug\link.read.1.tlog
C:\Users\Jay\Desktop\MecaLicManager\MecaLicManager\Debug\link.write.1.tlog
C:\Users\Jay\Desktop\MecaLicManager\MecaLicManager\Debug\rc.command.1.tlog
C:\Users\Jay\Desktop\MecaLicManager\MecaLicManager\Debug\rc.read.1.tlog
C:\Users\Jay\Desktop\MecaLicManager\MecaLicManager\Debug\rc.write.1.tlog
C:\Users\Jay\Desktop\MecaLicManager\MecaLicManager\Debug\MecaLicManager.res
C:\Users\Jay\Desktop\MecaLicManager\MecaLicManager\Debug\MecaLicManager.pch
C:\Users\Jay\Desktop\MecaLicManager\MecaLicManager\Debug\vc110.idb
C:\Users\Jay\Desktop\MecaLicManager\MecaLicManager\Debug\vc110.pdb
C:\Users\Jay\Desktop\MecaLicManager\Debug\MecaLicManager.pdb
C:\Users\Jay\Desktop\MecaLicManager\Debug\MecaLicManager.exe
C:\Users\Jay\Desktop\MecaLicManager\Debug\MecaLicManager.ilk
